[    0.000000] Linux version 4.15.0-23-generic (buildd@lgw01-amd64-055) (gcc version 7.3.0 (Ubuntu 7.3.0-16ubuntu3)) #25-Ubuntu SMP Wed May 23 18:02:16 UTC 2018 (Ubuntu 4.15.0-23.25-generic 4.15.18)
[    0.000000] Command line: BOOT_IMAGE=/boot/vmlinuz-4.15.0-23-generic root=LABEL=cloudimg-rootfs ro console=tty1 console=ttyS0
[    0.000000] KERNEL supported cpus:
[    0.000000]   Intel GenuineIntel
[    0.000000]   AMD AuthenticAMD
[    0.000000]   Centaur CentaurHauls
[    0.000000] x86/fpu: Supporting XSAVE feature 0x001: 'x87 floating point registers'
[    0.000000] x86/fpu: Supporting XSAVE feature 0x002: 'SSE registers'
[    0.000000] x86/fpu: Supporting XSAVE feature 0x004: 'AVX registers'
[    0.000000] x86/fpu: xstate_offset[2]:  576, xstate_sizes[2]:  256
[    0.000000] x86/fpu: Enabled xstate features 0x7, context size is 832 bytes, using 'standard' format.
[    0.000000] e820: BIOS-provided physical RAM map:
[    0.000000] BIOS-e820: [mem 0x0000000000000000-0x000000000009fbff] usable
[    0.000000] BIOS-e820: [mem 0x000000000009fc00-0x000000000009ffff] reserved
[    0.000000] BIOS-e820: [mem 0x00000000000f0000-0x00000000000fffff] reserved
[    0.000000] BIOS-e820: [mem 0x0000000000100000-0x000000007ffeffff] usable
[    0.000000] BIOS-e820: [mem 0x000000007fff0000-0x000000007fffffff] ACPI data
[    0.000000] BIOS-e820: [mem 0x00000000fec00000-0x00000000fec00fff] reserved
[    0.000000] BIOS-e820: [mem 0x00000000fee00000-0x00000000fee00fff] reserved
[    0.000000] BIOS-e820: [mem 0x00000000fffc0000-0x00000000ffffffff] reserved
[    0.000000] NX (Execute Disable) protection: active
[    0.000000] random: fast init done
[    0.000000] SMBIOS 2.5 present.
[    0.000000] DMI: innotek GmbH VirtualBox/VirtualBox, BIOS VirtualBox 12/01/2006
[    0.000000] Hypervisor detected: KVM
[    0.000000] e820: last_pfn = 0x7fff0 max_arch_pfn = 0x400000000
[    0.000000] MTRR: Disabled
[    0.000000] x86/PAT: MTRRs disabled, skipping PAT initialization too.
[    0.000000] CPU MTRRs all blank - virtualized system.
[    0.000000] x86/PAT: Configuration [0-7]: WB  WT  UC- UC  WB  WT  UC- UC  
[    0.000000] found SMP MP-table at [mem 0x0009fff0-0x0009ffff] mapped at [        (ptrval)]
[    0.000000] Scanning 1 areas for low memory corruption
[    0.000000] RAMDISK: [mem 0x35aed000-0x36d6dfff]
[    0.000000] ACPI: Early table checksum verification disabled
[    0.000000] ACPI: RSDP 0x00000000000E0000 000024 (v02 VBOX  )
[    0.000000] ACPI: XSDT 0x000000007FFF0030 00003C (v01 VBOX   VBOXXSDT 00000001 ASL  00000061)
[    0.000000] ACPI: FACP 0x000000007FFF00F0 0000F4 (v04 VBOX   VBOXFACP 00000001 ASL  00000061)
[    0.000000] ACPI: DSDT 0x000000007FFF0470 0021FF (v02 VBOX   VBOXBIOS 00000002 INTL 20180105)
[    0.000000] ACPI: FACS 0x000000007FFF0200 000040
[    0.000000] ACPI: FACS 0x000000007FFF0200 000040
[    0.000000] ACPI: APIC 0x000000007FFF0240 00005C (v02 VBOX   VBOXAPIC 00000001 ASL  00000061)
[    0.000000] ACPI: SSDT 0x000000007FFF02A0 0001CC (v01 VBOX   VBOXCPUT 00000002 INTL 20180105)
[    0.000000] No NUMA configuration found
[    0.000000] Faking a node at [mem 0x0000000000000000-0x000000007ffeffff]
[    0.000000] NODE_DATA(0) allocated [mem 0x7ffc5000-0x7ffeffff]
[    0.000000] kvm-clock: cpu 0, msr 0:7ff44001, primary cpu clock
[    0.000000] kvm-clock: Using msrs 4b564d01 and 4b564d00
[    0.000000] kvm-clock: using sched offset of 3451123302 cycles
[    0.000000] clocksource: kvm-clock: mask: 0xffffffffffffffff max_cycles: 0x1cd42e4dffb, max_idle_ns: 881590591483 ns
[    0.000000] Zone ranges:
[    0.000000]   DMA      [mem 0x0000000000001000-0x0000000000ffffff]
[    0.000000]   DMA32    [mem 0x0000000001000000-0x000000007ffeffff]
[    0.000000]   Normal   empty
[    0.000000]   Device   empty
[    0.000000] Movable zone start for each node
[    0.000000] Early memory node ranges
[    0.000000]   node   0: [mem 0x0000000000001000-0x000000000009efff]
[    0.000000]   node   0: [mem 0x0000000000100000-0x000000007ffeffff]
[    0.000000] Initmem setup node 0 [mem 0x0000000000001000-0x000000007ffeffff]
[    0.000000] Reserved but unavailable: 98 pages
[    0.000000] ACPI: PM-Timer IO Port: 0x4008
[    0.000000] IOAPIC[0]: apic_id 2, version 32, address 0xfec00000, GSI 0-23
[    0.000000] ACPI: INT_SRC_OVR (bus 0 bus_irq 0 global_irq 2 dfl dfl)
[    0.000000] ACPI: INT_SRC_OVR (bus 0 bus_irq 9 global_irq 9 low level)
[    0.000000] Using ACPI (MADT) for SMP configuration information
[    0.000000] smpboot: Allowing 2 CPUs, 0 hotplug CPUs
[    0.000000] PM: Registered nosave memory: [mem 0x00000000-0x00000fff]
[    0.000000] PM: Registered nosave memory: [mem 0x0009f000-0x0009ffff]
[    0.000000] PM: Registered nosave memory: [mem 0x000a0000-0x000effff]
[    0.000000] PM: Registered nosave memory: [mem 0x000f0000-0x000fffff]
[    0.000000] e820: [mem 0x80000000-0xfebfffff] available for PCI devices
[    0.000000] Booting paravirtualized kernel on KVM
[    0.000000] clocksource: refined-jiffies: mask: 0xffffffff max_cycles: 0xffffffff, max_idle_ns: 7645519600211568 ns
[    0.000000] setup_percpu: NR_CPUS:8192 nr_cpumask_bits:2 nr_cpu_ids:2 nr_node_ids:1
[    0.000000] percpu: Embedded 46 pages/cpu @        (ptrval) s151552 r8192 d28672 u1048576
[    0.000000] PV qspinlock hash table entries: 256 (order: 0, 4096 bytes)
[    0.000000] Built 1 zonelists, mobility grouping on.  Total pages: 515961
[    0.000000] Policy zone: DMA32
[    0.000000] Kernel command line: BOOT_IMAGE=/boot/vmlinuz-4.15.0-23-generic root=LABEL=cloudimg-rootfs ro console=tty1 console=ttyS0
[    0.000000] Memory: 2015828K/2096696K available (12300K kernel code, 2470K rwdata, 4240K rodata, 2408K init, 2416K bss, 80868K reserved, 0K cma-reserved)
[    0.000000] SLUB: HWalign=64, Order=0-3, MinObjects=0, CPUs=2, Nodes=1
[    0.000000] Kernel/User page tables isolation: enabled
[    0.000000] ftrace: allocating 39083 entries in 153 pages
[    0.004000] Hierarchical RCU implementation.
[    0.004000] 	RCU restricting CPUs from NR_CPUS=8192 to nr_cpu_ids=2.
[    0.004000] 	Tasks RCU enabled.
[    0.004000] RCU: Adjusting geometry for rcu_fanout_leaf=16, nr_cpu_ids=2
[    0.004000] NR_IRQS: 524544, nr_irqs: 440, preallocated irqs: 16
[    0.004000] Console: colour VGA+ 80x25
[    0.004000] console [tty1] enabled
[    0.004000] console [ttyS0] enabled
[    0.004000] ACPI: Core revision 20170831
[    0.004000] ACPI: 2 ACPI AML tables successfully acquired and loaded
[    0.004000] APIC: Switch to symmetric I/O mode setup
[    0.004000] x2apic enabled
[    0.004000] Switched APIC routing to physical x2apic.
[    0.004000] ..TIMER: vector=0x30 apic1=0 pin1=2 apic2=-1 pin2=-1
[    0.004000] tsc: Detected 2592.000 MHz processor
[    0.004000] Calibrating delay loop (skipped) preset value.. 5184.00 BogoMIPS (lpj=10368000)
[    0.004004] pid_max: default: 32768 minimum: 301
[    0.004567] Security Framework initialized
[    0.005054] Yama: becoming mindful.
[    0.005497] AppArmor: AppArmor initialized
[    0.006543] Dentry cache hash table entries: 262144 (order: 9, 2097152 bytes)
[    0.008396] Inode-cache hash table entries: 131072 (order: 8, 1048576 bytes)
[    0.009184] Mount-cache hash table entries: 4096 (order: 3, 32768 bytes)
[    0.009926] Mountpoint-cache hash table entries: 4096 (order: 3, 32768 bytes)
[    0.010881] CPU: Physical Processor ID: 0
[    0.011363] CPU: Processor Core ID: 0
[    0.011822] mce: CPU supports 0 MCE banks
[    0.012013] Last level iTLB entries: 4KB 64, 2MB 8, 4MB 8
[    0.012626] Last level dTLB entries: 4KB 64, 2MB 0, 4MB 0, 1GB 4
[    0.013343] Spectre V2 : Mitigation: Full generic retpoline
[    0.014050] Spectre V2 : Spectre v2 mitigation: Filling RSB on context switch
[    0.014855] Speculative Store Bypass: Vulnerable
[    0.015468] Freeing SMP alternatives memory: 36K
[    0.020000] smpboot: CPU0: Intel(R) Core(TM) i7-6700HQ CPU @ 2.60GHz (family: 0x6, model: 0x5e, stepping: 0x3)
[    0.020000] Performance Events: unsupported p6 CPU model 94 no PMU driver, software events only.
[    0.020000] Hierarchical SRCU implementation.
[    0.020000] NMI watchdog: Perf event create on CPU 0 failed with -2
[    0.020002] NMI watchdog: Perf NMI watchdog permanently disabled
[    0.020734] smp: Bringing up secondary CPUs ...
[    0.021340] x86: Booting SMP configuration:
[    0.021858] .... node  #0, CPUs:      #1
[    0.004000] kvm-clock: cpu 1, msr 0:7ff44041, secondary cpu clock
[    0.004000] mce: CPU supports 0 MCE banks
[    0.024016] smp: Brought up 1 node, 2 CPUs
[    0.024562] smpboot: Max logical packages: 1
[    0.025075] smpboot: Total of 2 processors activated (10368.00 BogoMIPS)
[    0.025929] devtmpfs: initialized
[    0.028043] x86/mm: Memory block size: 128MB
[    0.028714] evm: security.selinux
[    0.029132] evm: security.SMACK64
[    0.029546] evm: security.SMACK64EXEC
[    0.029995] evm: security.SMACK64TRANSMUTE
[    0.030490] evm: security.SMACK64MMAP
[    0.030939] evm: security.apparmor
[    0.031362] evm: security.ima
[    0.031741] evm: security.capability
[    0.032063] clocksource: jiffies: mask: 0xffffffff max_cycles: 0xffffffff, max_idle_ns: 7645041785100000 ns
[    0.033098] futex hash table entries: 512 (order: 3, 32768 bytes)
[    0.033820] pinctrl core: initialized pinctrl subsystem
[    0.034550] RTC time:  1:36:16, date: 06/30/18
[    0.035187] NET: Registered protocol family 16
[    0.036057] audit: initializing netlink subsys (disabled)
[    0.036692] audit: type=2000 audit(1530322581.031:1): state=initialized audit_enabled=0 res=1
[    0.036692] cpuidle: using governor ladder
[    0.036692] cpuidle: using governor menu
[    0.037005] ACPI: bus type PCI registered
[    0.037491] acpiphp: ACPI Hot Plug PCI Controller Driver version: 0.5
[    0.040070] PCI: Using configuration type 1 for base access
[    0.040833] HugeTLB registered 2.00 MiB page size, pre-allocated 0 pages
[    0.040840] ACPI: Added _OSI(Module Device)
[    0.040840] ACPI: Added _OSI(Processor Device)
[    0.044006] ACPI: Added _OSI(3.0 _SCP Extensions)
[    0.044557] ACPI: Added _OSI(Processor Aggregator Device)
[    0.045420] ACPI: Executed 1 blocks of module-level executable AML code
[    0.049510] ACPI: Interpreter enabled
[    0.049974] ACPI: (supports S0 S5)
[    0.050397] ACPI: Using IOAPIC for interrupt routing
[    0.051224] PCI: Using host bridge windows from ACPI; if necessary, use "pci=nocrs" and report a bug
[    0.052123] ACPI: Enabled 2 GPEs in block 00 to 07
[    0.057737] ACPI: PCI Root Bridge [PCI0] (domain 0000 [bus 00-ff])
[    0.058464] acpi PNP0A03:00: _OSC: OS supports [ASPM ClockPM Segments MSI]
[    0.059272] acpi PNP0A03:00: _OSC: not requesting OS control; OS requires [ExtendedConfig ASPM ClockPM MSI]
[    0.060011] acpi PNP0A03:00: fail to add MMCONFIG information, can't access extended PCI configuration space under this bridge.
[    0.061548] PCI host bridge to bus 0000:00
[    0.062057] pci_bus 0000:00: root bus resource [io  0x0000-0x0cf7 window]
[    0.062840] pci_bus 0000:00: root bus resource [io  0x0d00-0xffff window]
[    0.063616] pci_bus 0000:00: root bus resource [mem 0x000a0000-0x000bffff window]
[    0.064002] pci_bus 0000:00: root bus resource [mem 0x80000000-0xfdffffff window]
[    0.064930] pci_bus 0000:00: root bus resource [bus 00-ff]
[    0.066844] pci 0000:00:01.1: legacy IDE quirk: reg 0x10: [io  0x01f0-0x01f7]
[    0.068002] pci 0000:00:01.1: legacy IDE quirk: reg 0x14: [io  0x03f6]
[    0.068756] pci 0000:00:01.1: legacy IDE quirk: reg 0x18: [io  0x0170-0x0177]
[    0.069571] pci 0000:00:01.1: legacy IDE quirk: reg 0x1c: [io  0x0376]
[    0.089266] pci 0000:00:07.0: quirk: [io  0x4000-0x403f] claimed by PIIX4 ACPI
[    0.090262] pci 0000:00:07.0: quirk: [io  0x4100-0x410f] claimed by PIIX4 SMB
[    0.098069] ACPI: PCI Interrupt Link [LNKA] (IRQs 5 9 10 *11)
[    0.099151] ACPI: PCI Interrupt Link [LNKB] (IRQs 5 9 *10 11)
[    0.100029] ACPI: PCI Interrupt Link [LNKC] (IRQs 5 *9 10 11)
[    0.100768] ACPI: PCI Interrupt Link [LNKD] (IRQs 5 9 10 *11)
[    0.101752] SCSI subsystem initialized
[    0.102263] pci 0000:00:02.0: vgaarb: setting as boot VGA device
[    0.102263] pci 0000:00:02.0: vgaarb: VGA device added: decodes=io+mem,owns=io+mem,locks=none
[    0.104008] pci 0000:00:02.0: vgaarb: bridge control possible
[    0.104664] vgaarb: loaded
[    0.105088] ACPI: bus type USB registered
[    0.105591] usbcore: registered new interface driver usbfs
[    0.106261] usbcore: registered new interface driver hub
[    0.106927] usbcore: registered new device driver usb
[    0.107552] EDAC MC: Ver: 3.0.0
[    0.108151] PCI: Using ACPI for IRQ routing
[    0.108744] NetLabel: Initializing
[    0.109172] NetLabel:  domain hash size = 128
[    0.109689] NetLabel:  protocols = UNLABELED CIPSOv4 CALIPSO
[    0.110385] NetLabel:  unlabeled traffic allowed by default
[    0.111039] clocksource: Switched to clocksource kvm-clock
[    0.117274] VFS: Disk quotas dquot_6.6.0
[    0.117799] VFS: Dquot-cache hash table entries: 512 (order 0, 4096 bytes)
[    0.118645] AppArmor: AppArmor Filesystem Enabled
[    0.119229] pnp: PnP ACPI init
[    0.120381] pnp: PnP ACPI: found 3 devices
[    0.128530] clocksource: acpi_pm: mask: 0xffffff max_cycles: 0xffffff, max_idle_ns: 2085701024 ns
[    0.129590] NET: Registered protocol family 2
[    0.130277] TCP established hash table entries: 16384 (order: 5, 131072 bytes)
[    0.131152] TCP bind hash table entries: 16384 (order: 6, 262144 bytes)
[    0.132328] TCP: Hash tables configured (established 16384 bind 16384)
[    0.133101] UDP hash table entries: 1024 (order: 3, 32768 bytes)
[    0.133789] UDP-Lite hash table entries: 1024 (order: 3, 32768 bytes)
[    0.134539] NET: Registered protocol family 1
[    0.135072] pci 0000:00:00.0: Limiting direct PCI/PCI transfers
[    0.135759] pci 0000:00:01.0: Activating ISA DMA hang workarounds
[    0.136490] pci 0000:00:02.0: Video device with shadowed ROM at [mem 0x000c0000-0x000dffff]
[    0.137505] Unpacking initramfs...
[    0.376781] Freeing initrd memory: 18948K
[    0.380602] platform rtc_cmos: registered platform RTC device (no PNP device found)
[    0.381508] Scanning for low memory corruption every 60 seconds
[    0.382727] Initialise system trusted keyrings
[    0.383274] Key type blacklist registered
[    0.383847] workingset: timestamp_bits=36 max_order=19 bucket_order=0
[    0.385385] zbud: loaded
[    0.386102] squashfs: version 4.0 (2009/01/31) Phillip Lougher
[    0.386908] fuse init (API version 7.26)
[    0.389047] Key type asymmetric registered
[    0.389548] Asymmetric key parser 'x509' registered
[    0.390137] Block layer SCSI generic (bsg) driver version 0.4 loaded (major 246)
[    0.391045] io scheduler noop registered
[    0.391526] io scheduler deadline registered
[    0.392111] io scheduler cfq registered (default)
[    0.392905] ACPI: AC Adapter [AC] (on-line)
[    0.393448] input: Power Button as /devices/LNXSYSTM:00/LNXPWRBN:00/input/input0
[    0.394339] ACPI: Power Button [PWRF]
[    0.394835] input: Sleep Button as /devices/LNXSYSTM:00/LNXSLPBN:00/input/input1
[    0.395704] ACPI: Sleep Button [SLPF]
[    0.396888] ACPI: Battery Slot [BAT0] (battery present)
[    0.397596] Serial: 8250/16550 driver, 32 ports, IRQ sharing enabled
[    0.419782] 00:02: ttyS0 at I/O 0x3f8 (irq = 4, base_baud = 115200) is a 16550A
[    0.422639] Linux agpgart interface v0.103
[    0.424341] loop: module loaded
[    0.425130] scsi host0: ata_piix
[    0.425640] scsi host1: ata_piix
[    0.426071] ata1: PATA max UDMA/33 cmd 0x1f0 ctl 0x3f6 bmdma 0xd000 irq 14
[    0.426836] ata2: PATA max UDMA/33 cmd 0x170 ctl 0x376 bmdma 0xd008 irq 15
[    0.427700] libphy: Fixed MDIO Bus: probed
[    0.428304] tun: Universal TUN/TAP device driver, 1.6
[    0.429096] PPP generic driver version 2.4.2
[    0.429665] ehci_hcd: USB 2.0 'Enhanced' Host Controller (EHCI) Driver
[    0.430403] ehci-pci: EHCI PCI platform driver
[    0.430942] ehci-platform: EHCI generic platform driver
[    0.431549] ohci_hcd: USB 1.1 'Open' Host Controller (OHCI) Driver
[    0.432306] ohci-pci: OHCI PCI platform driver
[    0.432838] ohci-platform: OHCI generic platform driver
[    0.433457] uhci_hcd: USB Universal Host Controller Interface driver
[    0.434210] i8042: PNP: PS/2 Controller [PNP0303:PS2K,PNP0f03:PS2M] at 0x60,0x64 irq 1,12
[    0.435561] serio: i8042 KBD port at 0x60,0x64 irq 1
[    0.436155] serio: i8042 AUX port at 0x60,0x64 irq 12
[    0.436868] mousedev: PS/2 mouse device common for all mice
[    0.437899] input: AT Translated Set 2 keyboard as /devices/platform/i8042/serio0/input/input2
[    0.439024] rtc_cmos rtc_cmos: rtc core: registered rtc_cmos as rtc0
[    0.439784] rtc_cmos rtc_cmos: alarms up to one day, 114 bytes nvram
[    0.440519] i2c /dev entries driver
[    0.440986] device-mapper: uevent: version 1.0.3
[    0.441598] device-mapper: ioctl: 4.37.0-ioctl (2017-09-20) initialised: dm-devel@redhat.com
[    0.442632] ledtrig-cpu: registered to indicate activity on CPUs
[    0.443632] NET: Registered protocol family 10
[    0.446969] Segment Routing with IPv6
[    0.447448] NET: Registered protocol family 17
[    0.448031] Key type dns_resolver registered
[    0.448683] RAS: Correctable Errors collector initialized.
[    0.449327] sched_clock: Marking stable (448657081, 0)->(717959595, -269302514)
[    0.450508] registered taskstats version 1
[    0.451014] Loading compiled-in X.509 certificates
[    0.453313] Loaded X.509 cert 'Build time autogenerated kernel key: d77482c25b833df502ed38a87c5d7f330fdff3cb'
[    0.454442] zswap: loaded using pool lzo/zbud
[    0.457606] Key type big_key registered
[    0.458093] Key type trusted registered
[    0.459746] Key type encrypted registered
[    0.460263] AppArmor: AppArmor sha1 policy hashing enabled
[    0.460899] ima: No TPM chip found, activating TPM-bypass! (rc=-19)
[    0.461617] evm: HMAC attrs: 0x1
[    0.462162]   Magic number: 6:937:610
[    0.462715] rtc_cmos rtc_cmos: setting system clock to 2018-06-30 01:36:17 UTC (1530322577)
[    0.463790] BIOS EDD facility v0.16 2004-Jun-25, 0 devices found
[    0.464492] EDD information not available.
[    0.595304] Freeing unused kernel memory: 2408K
[    0.642225] Write protecting the kernel read-only data: 20480k
[    1.048642] Freeing unused kernel memory: 2008K
[    1.052706] Freeing unused kernel memory: 1904K
[    1.098242] x86/mm: Checked W+X mappings: passed, no W+X pages found.
[    1.099192] x86/mm: Checking user space page tables
[    1.105219] x86/mm: Checked W+X mappings: passed, no W+X pages found.
[    1.557769] tsc: Refined TSC clocksource calibration: 2590.843 MHz
[    2.312532] clocksource: tsc: mask: 0xffffffffffffffff max_cycles: 0x255871a5e1f, max_idle_ns: 440795204882 ns
Loading, please wait...
starting version 237
[    2.367587] Fusion MPT base driver 3.04.20
[    2.468876] Copyright (c) 1999-2008 LSI Corporation
[    2.475804] e1000: Intel(R) PRO/1000 Network Driver - version 7.3.21-k8-NAPI
[    2.476849] e1000: Copyright (c) 1999-2006 Intel Corporation.
[    2.489103] AVX2 version of gcm_enc/dec engaged.
[    2.490685] AES CTR mode by8 optimization enabled
[    2.589314] Fusion MPT SPI Host driver 3.04.20
[    2.682002] input: ImExPS/2 Generic Explorer Mouse as /devices/platform/i8042/serio1/input/input4
[    2.939266] e1000 0000:00:03.0 eth0: (PCI:33MHz:32-bit) 02:90:53:39:32:0e
[    3.322343] e1000 0000:00:03.0 eth0: Intel(R) PRO/1000 Network Connection
[    3.519965] mptbase: ioc0: Initiating bringup
[    3.649126] e1000 0000:00:03.0 enp0s3: renamed from eth0
[    3.882673] ioc0: LSI53C1030 A0: Capabilities={Initiator}
[    4.984823] scsi host2: ioc0: LSI53C1030 A0, FwRev=00000000h, Ports=1, MaxQ=256, IRQ=20
[    5.333394] scsi 2:0:0:0: Direct-Access     VBOX     HARDDISK         1.0  PQ: 0 ANSI: 5
[    5.556120] scsi target2:0:0: Beginning Domain Validation
[    5.673734] scsi target2:0:0: Domain Validation skipping write tests
[    5.674588] scsi target2:0:0: Ending Domain Validation
[    5.675312] scsi target2:0:0: asynchronous
[    5.676216] scsi 2:0:1:0: Direct-Access     VBOX     HARDDISK         1.0  PQ: 0 ANSI: 5
[    5.708113] scsi target2:0:1: Beginning Domain Validation
[    5.963322] scsi target2:0:1: Domain Validation skipping write tests
[    5.964236] scsi target2:0:1: Ending Domain Validation
[    5.965063] scsi target2:0:1: asynchronous
[    5.969138] sd 2:0:0:0: [sda] 20971520 512-byte logical blocks: (10.7 GB/10.0 GiB)
[    5.970269] sd 2:0:0:0: Attached scsi generic sg0 type 0
[    5.970959] sd 2:0:0:0: [sda] Write Protect is off
[    5.971803] sd 2:0:0:0: [sda] Incomplete mode parameter data
[    5.972494] sd 2:0:0:0: [sda] Assuming drive cache: write through
[    5.973336] sd 2:0:1:0: Attached scsi generic sg1 type 0
[    5.974288] sd 2:0:1:0: [sdb] 20480 512-byte logical blocks: (10.5 MB/10.0 MiB)
[    5.975328] sd 2:0:1:0: [sdb] Write Protect is off
[    5.976123] sd 2:0:1:0: [sdb] Incomplete mode parameter data
[    5.982624] sd 2:0:1:0: [sdb] Assuming drive cache: write through
[    6.004021]  sda: sda1
[    6.324083] sd 2:0:0:0: [sda] Attached SCSI disk
[    6.458571] sd 2:0:1:0: [sdb] Attached SCSI disk
Begin: Loading essential drivers ... [    8.044026] raid6: sse2x1   gen() 11168 MB/s
[    8.092017] raid6: sse2x1   xor()  8053 MB/s
[    8.143623] raid6: sse2x2   gen() 14307 MB/s
[    8.200074] raid6: sse2x2   xor()  8369 MB/s
[    8.360057] raid6: sse2x4   gen() 16895 MB/s
[    8.532044] raid6: sse2x4   xor() 10143 MB/s
[    8.704044] raid6: avx2x1   gen() 23974 MB/s
[    8.872044] raid6: avx2x1   xor() 16582 MB/s
[    9.044044] raid6: avx2x2   gen() 29445 MB/s
[    9.212021] raid6: avx2x2   xor() 15912 MB/s
[    9.264020] raid6: avx2x4   gen() 31472 MB/s
[    9.444019] raid6: avx2x4   xor() 20786 MB/s
[    9.569033] raid6: using algorithm avx2x4 gen() 31472 MB/s
[    9.735397] raid6: .... xor() 20786 MB/s, rmw enabled
[    9.886426] raid6: using avx2x2 recovery algorithm
[   10.029217] xor: automatically using best checksumming function   avx       
[   10.253119] async_tx: api initialized (async)
done.
Begin: Running /scripts/init-premount ... done.
Begin: Mounting root file system ... Begin: Running /scripts/local-top ... done.
Begin: Running /scripts/local-premount ... [   10.297011] Btrfs loaded, crc32c=crc32c-intel
Scanning for Btrfs filesystems
done.
Warning: fsck not present, so skipping root file[   10.790456] EXT4-fs (sda1): mounted filesystem with ordered data mode. Opts: (null)
 system
done.
Begin: Running /scripts/local-bottom ... done.
Begin: Running /scripts/init-bottom ... done.
[   12.031491] ip_tables: (C) 2000-2006 Netfilter Core Team
[   12.428149] systemd[1]: systemd 237 running in system mode. (+PAM +AUDIT +SELINUX +IMA +APPARMOR +SMACK +SYSVINIT +UTMP +LIBCRYPTSETUP +GCRYPT +GNUTLS +ACL +XZ +LZ4 +SECCOMP +BLKID +ELFUTILS +KMOD -IDN2 +IDN -PCRE2 default-hierarchy=hybrid)
[   13.462746] systemd[1]: Detected virtualization oracle.
[   13.463406] systemd[1]: Detected architecture x86-64.

Welcome to [1mUbuntu 18.04 LTS[0m!

[   13.489747] systemd[1]: Set hostname to <ubuntu>.
[   13.503159] systemd[1]: Initializing machine ID from random generator.
[   14.041412] systemd[1]: Installed transient /etc/machine-id file.
[   14.608277] random: crng init done
[   15.595436] systemd[1]: Reached target Swap.
[[0;32m  OK  [0m] Reached target Swap.
[   15.596994] systemd[1]: Started Forward Password Requests to Wall Directory Watch.
[[0;32m  OK  [0m] Started Forward Password Requests to Wall Directory Watch.
[   15.599173] systemd[1]: Reached target System Time Synchronized.
[[0;32m  OK  [0m] Reached target System Time Synchronized.
[   15.602228] systemd[1]: Created slice User and Session Slice.
[[0;32m  OK  [0m] Created slice User and Session Slice.
[[0;32m  OK  [0m] Set up automount Arbitrary Executab…rmats File System Automount Point.
[[0;32m  OK  [0m] Created slice System Slice.
[[0;32m  OK  [0m] Listening on Network Service Netlink Socket.
[[0;32m  OK  [0m] Listening on Device-mapper event daemon FIFOs.
[[0;32m  OK  [0m] Listening on udev Control Socket.
[[0;32m  OK  [0m] Listening on udev Kernel Socket.
[[0;32m  OK  [0m] Listening on LVM2 poll daemon socket.
[[0;32m  OK  [0m] Created slice system-serial\x2dgetty.slice.
[[0;32m  OK  [0m] Listening on Syslog Socket.
[[0;32m  OK  [0m] Listening on Journal Socket.
         Starting Remount Root and Kernel File Systems...
         Mounting Kernel Debug File System...
         Mounting POSIX Message Queue File System...
         Starting Load Kernel Modules...
         Starting Create list of required st…ce nodes for the current kernel...
         Starting Uncomplicated firewall...
         Mounting Huge Pages File System...
[[0;32m  OK  [0m] Reached target Slices.
[[0;32m  OK  [0m] Listening on /dev/initctl Compatibility Named Pipe.
         Starting udev Coldplug all Devices...
[[0;32m  OK  [0m] Listening on LVM2 metadata daemon socket.
         Starting Monitoring of LVM2 mirrors…ng dmeventd or progress polling...
[[0;32m  OK  [0m] Listening on Journal Socket (/dev/log).
[[0;32m  OK  [0m] Listening on Journal Audit Socket.
         Starting Journal Service...
         Starting Set the console keyboard layout...
[[0;32m  OK  [0m] Reached target User and Group Name Lookups.
[   15.703772] Loading iSCSI transport class v2.0-870.
[[0;32m  OK  [0m] Started Create list of required sta…vice nodes for the current kernel.
         Starting Create Static Device Nodes in /dev...
[[0;32m  OK  [0m] Started Uncomplicated firewall.
[[0;32m  OK  [0m] Started udev Coldplug all Devices.
[   16.260254] iscsi: registered transport (tcp)
[[0;32m  OK  [0m] Started Journal Service.
[[0;32m  OK  [0m] Started Create Static Device Nodes in /dev.
[   16.898162] iscsi: registered transport (iser)
[[0;32m  OK  [0m] Started Load Kernel Modules.
         Starting Apply Kernel Variables...
         Mounting FUSE Control File System...
         Mounting Kernel Configuration File System...
[[0;32m  OK  [0m] Started Apply Kernel Variables.
[[0;32m  OK  [0m] Mounted Kernel Debug File System.
[[0;32m  OK  [0m] Mounted POSIX Message Queue File System.
[[0;32m  OK  [0m] Mounted Huge Pages File System.
[[0;32m  OK  [0m] Started Remount Root and Kernel File Systems.
[[0;32m  OK  [0m] Mounted FUSE Control File System.
[[0;32m  OK  [0m] Mounted Kernel Configuration File System.
         Starting Flush Journal to Persistent Storage...
         Starting Initial cloud-init job (pre-networking)...
         Starting udev Kernel Device Manager...
         Starting Load/Save Random Seed...
[[0;32m  OK  [0m] Started LVM2 metadata daemon.
[[0;32m  OK  [0m] Started Set the console keyboard layout.
[[0;32m  OK  [0m] Started Load/Save Random Seed.
[[0;32m  OK  [0m] Started udev Kernel Device Manager.
[[0;32m  OK  [0m] Started Dispatch Password Requests to Console Directory Watch.
[[0;32m  OK  [0m] Reached target Local Encrypted Volumes.
[[0;32m  OK  [0m] Started Monitoring of LVM2 mirrors,…sing dmeventd or progress polling.
[[0;32m  OK  [0m] Reached target Local File Systems (Pre).
[[0;32m  OK  [0m] Reached target Local File Systems.
         Starting AppArmor initialization...
         Starting ebtables ruleset management...
         Starting Tell Plymouth To Write Out Runtime Data...
         Starting Set console font and keymap...
         Starting Commit a transient machine-id on disk...
[[0;32m  OK  [0m] Started Flush Journal to Persistent Storage.
         Starting Create Volatile Files and Directories...
[[0;32m  OK  [0m] Started Tell Plymouth To Write Out Runtime Data.
[[0;32m  OK  [0m] Started Set console font and keymap.
[[0;32m  OK  [0m] Started Create Volatile Files and Directories.
[[0;32m  OK  [0m] Found device /dev/ttyS0.
[[0;32m  OK  [0m] Started Commit a transient machine-id on disk.
[[0;32m  OK  [0m] Started ebtables ruleset management.
         Starting Update UTMP about System Boot/Shutdown...
[[0;32m  OK  [0m] Listening on Load/Save RF Kill Switch Status /dev/rfkill Watch.
[[0;32m  OK  [0m] Started Update UTMP about System Boot/Shutdown.
[[0;32m  OK  [0m] Started AppArmor initialization.
[   21.744037] cloud-init[404]: Cloud-init v. 18.2 running 'init-local' at Sat, 30 Jun 2018 01:36:38 +0000. Up 21.31 seconds.
[[0;32m  OK  [0m] Started Initial cloud-init job (pre-networking).
[[0;32m  OK  [0m] Reached target Network (Pre).
         Starting Network Service...
[[0;32m  OK  [0m] Started Network Service.
         Starting Network Name Resolution...
         Starting Wait for Network to be Configured...
[[0;32m  OK  [0m] Started Network Name Resolution.
[[0;32m  OK  [0m] Reached target Network.
[[0;32m  OK  [0m] Reached target Host and Network Name Lookups.
[[0;32m  OK  [0m] Started Wait for Network to be Configured.
         Starting Initial cloud-init job (metadata service crawler)...
[   25.939566] cloud-init[682]: Cloud-init v. 18.2 running 'init' at Sat, 30 Jun 2018 01:36:40 +0000. Up 23.84 seconds.
[[0;32m  OK  [0m] Started Initial cloud-init job (metadata service crawler).
[   25.983921] cloud-init[[0;32m  OK  [0m] Reached target Network is Online.
[682]: ci-info: ++++++++++++++++++++++++++++++++++++++Net device info++++++++++++++++++++++++++++++++++++++         Starting iSCSI initiator daemon (iscsid)...
[[0;32m  OK  [0m] Reached target System Initialization.
[[0;32m  OK  [0m] Started Daily apt download activities.
[[0;32m  OK  [0m] Started Daily apt upgrade and clean activities.
[[0;32m  OK  [0m] Listening on D-Bus System Message Bus Socket.
[[0;32m  OK  [0m] Started Discard unused blocks once a week.
         Starting Socket activation for snappy daemon.
[[0;32m  OK  [0m] Started Daily Cleanup of Temporary Directories.
[[0;32m  OK  [0m] Listening on UUID daemon activation socket.

[   25.993153] cloud-init[682]: ci-info: +--------+------+----------------------------+---------------+--------+-------------------+
[   25.994585] cloud-init[682]: ci-info: | Device |  Up  |          Address           |      Mask     | Scope  |     Hw-Address    |
[   25.996529] cloud-init[682]: ci-info: +--------+------+----------------------------+---------------+--------+-------------------+
[   25.997712] cloud-init[682]: ci-info: | enp0s3 | True |         10.0.2.15          | 255.255.255.0 | global | 02:90:53:39:32:0e |
[   25.998928] cloud-init[682]: ci-info: | enp0s3 | True | fe80::90:53ff:fe39:320e/64 |       .       |  link  | 02:90:53:39:32:0e |
[   26.000226] cloud-init[682]: ci-info: |   lo   | True |         127.0.0.1          |   255.0.0.0   |  host  |         .         |
[   26.004653] cloud-init[682]: ci-info: |   lo   | True |          ::1/128           |       .       |  host  |         .         |
[   26.006083] cloud-init[682]: ci-info: +--------+------+----------------------------+---------------+--------+-------------------+         Starting LXD - unix socket.
[[0;32m  OK  [0m] Started Message of the Day.
[[0;32m  OK  [0m] Reached target Timers.

[   26.009533] cloud-init[682]: ci-info: ++++++++++++++++++++++++++++Route IPv4 info+++++++++++++++++++++++++++++
[   26.011190] cloud-init[682]: ci-info: +-------+-------------+----------+-----------------+-----------+-------+
[   26.012566] cloud-init[682]: ci-info: | Route | Destination | Gateway  |     Genmask     | Interface | Flags |[[0;32m  OK  [0m] Started ACPI Events Check.
[[0;32m  OK  [0m] Reached target Paths.
[[0;32m  OK  [0m] Listening on ACPID Listen Socket.
[[0;32m  OK  [0m] Reached target Cloud-config availability.
[[0;32m  OK  [0m] Listening on Socket activation for snappy daemon.
[[0;32m  OK  [0m] Listening on LXD - unix socket.
[[0;32m  OK  [0m] Reached target Sockets.
[[0;32m  OK  [0m] Reached target Basic System.
[[0;32m  OK  [0m] Started Unattended Upgrades Shutdown.
         Starting LSB: Record successful boot for GRUB...

[   26.022083] cloud-init[682]: ci-info: +-------+-------------+----------+-----------------+-----------+-------+
[   26.023853] cloud-init[682]: [[0;32m  OK  [0m] Started irqbalance daemon.
ci-info: |   0   |   0.0.0.0   | 10.0.2.2 |     0.0.0.0     |   enp0s3  |   UG  |
[   26.026497] cloud-init[682]: ci-info: |   1   |   10.0.2.0  | 0.0.0.0  |  255.255.255.0  |   enp0s3  |   U   |
[   26.027730] cloud-init[682]: ci-info: |   2   |   10.0.2.2  | 0.0.0.0  | 255.255.255.255 |   enp0s3  |   UH  |
[   26.029530] cloud-init[682]: ci-info: +-------+-------------+----------+-----------------+-----------+-------+
[   26.030759] cloud-init[682]: ci-info: +++++++++++++++++++Route IPv6 info+++++++++++++++++++
[   26.031772] cloud-init[682]: ci-info: +-------+-------------+---------+-----------+-------+
[   26.032812] cloud-init[682]: ci-info: | Route | Destination | Gateway | Interface | Flags |
[   26.033829]          Starting Snappy daemon...
[[0;32m  OK  [0m] Started Deferred execution scheduler.
[[0;32m  OK  [0m] Started D-Bus System Message Bus.
cloud-init[682]: ci-info: +-------+-------------+---------+-----------+-------+
[   26.038858] cloud-init[682]: ci-info: |   1   |  fe80::/64  |    ::   |   enp0s3  |   U   |
[   26.041379] cloud-init[682]: ci-info: |   3   |    local    |    ::   |   enp0s3  |   U   |
[   26.042441] cloud-init[682]: ci-info: |   4   |   ff00::/8  |    ::   |   enp0s3  |   U   |
[   26.043689] cloud-init[682]: ci-info: +-------+-------------+---------+-----------+-------+
[   26.045283] cloud-init[682]: Generating public/private rsa key pair.
[   26.046668] cloud-init[682]: Your identification has been saved in /etc/ssh/ssh_host_rsa_key.
[   26.047676] cloud-init[682]: Your public key has been saved in /etc/ssh/ssh_host_rsa_key.pub.
[   26.048696] cloud-init[682]: The key fingerprint is:
[   26.049405] cloud-init[682]: SHA256:X3bnAWXWFV+xR+lxc/DTDRdZmYvSlrijbcumnJTsiZg root@ubuntu-bionic
[   26.050385] cloud-init[682]: The key's randomart image is:
[   26.051102] cloud-init[682]: +---[RSA 2048]----+
[   26.051754] cloud-init[682]: |              oO^|
[   26.052511] cloud-init[682]: |              +%X|
[   26.053791] cloud-init[682]: |            o.+o%|
[   26.068178] cloud-init[682]: |           o =.oo|
[   26.069836] cloud-init[682]: |        S   * ...|
[   26.070597] cloud-init[682]: |        ...= . o.|
[   26.071331] cloud-init[682]: |         ++ .   .|
[   26.072059] cloud-init[682]: |      o =.++     |
[   26.072850] cloud-init[682]: |     E . *+o.    |
[   26.073566] cloud-init[682]: +----[SHA256]-----+
[   26.074285] cloud-init[682]: Generating public/private dsa key pair.
[   26.076263] cloud-init[682]: Your identification has been saved in /etc/ssh/ssh_host_dsa_key.
[   26.078637] cloud-init[682]: Your public key has been saved in /etc/ssh/ssh_host_dsa_key.pub.
[   26.079398] cloud-init[682]: The key fingerprint is:
[   26.079851] cloud-init[682]: SHA256:gftyhwbijFEchHpZN+NKBROaG8Myj/VnKE+7TFVjcks root@ubuntu-bionic
[   26.080661] cloud-init[682]: The key's randomart image is:
[   26.081161] cloud-init[682]: +---[DSA 1024]----+
[   26.081623] cloud-init[682]: |   o*o           |
[   26.082728] cloud-init[682]: | ..+.o=.         |
[   26.083183] cloud-init[682]: |o.Boo+ooE        |
[   26.083601] cloud-init[682]: |.*o*...B +       |
[   26.084030] cloud-init[682]: |..=.=.* S        |
[   26.084469] cloud-init[682]: |   O.* o .       |
[   26.084947] cloud-init[682]: |  . * . = .      |
[   26.085360] cloud-init[682]: |   o . + .       |
[   26.085774] cloud-init[682]: |    o            |
[   26.086187] cloud-init[682]: +----[SHA256]-----+
[   26.086596] cloud-init[682]: Generating public/private ecdsa key pair.
[   26.087147] cloud-init[682]: Your identification has been saved in /etc/ssh/ssh_host_ecdsa_key.
[   26.087867] cloud-init[682]: Your public key has been saved in /etc/ssh/ssh_host_ecdsa_key.pub.
[   26.088642] cloud-init[682]: The key fingerprint is:
[   26.089113] cloud-init[682]: SHA256:uPCytZaJM6nEq4Q5BSHjDX+HVu/PMfXPTXprsCQ5ubc root@ubuntu-bionic
[   26.089864] cloud-init[682]: The key's randomart image is:
[   26.090417] cloud-init[682]: +---[ECDSA 256]---+
[   26.090849] cloud-init[682]: |+.     .         |
[   26.092324] cloud-init[682]: |oo+   o .        |
[   26.093065] cloud-init[682]: |.. o + . .   .   |
[   26.093753] cloud-init[682]: | .  o ...   . .  |
[   26.094410] cloud-init[682]: |  . . . S. oo  ..|
[   26.095063] cloud-init[682]: |.+   o .  o=oo +o|
[   26.095721] cloud-init[682]: |+.o .o+o   o= + =|
[   26.096452] cloud-init[682]: |.o .=++.   . o o.|
[   26.097170] cloud-init[682]: |..o..+.     .Eo. |
[   26.097832] cloud-init[682]: +----[SHA256]-----+
[   26.098487] cloud-init[682]: Generating public/private ed25519 key pair.
[   26.099298] cloud-init[682]: Your identification has been saved in /etc/ssh/ssh_host_ed25519_key.
[   26.100508] cloud-init[682]: Your public key has been saved in /etc/ssh/ssh_host_ed25519_key.pub.
[   26.101474] cloud-init[682]: The key fingerprint is:
[   26.102130] cloud-init[682]: SHA256:uRAwJ7GSouTm1NoXXxGMZBgBahPlLXYC7+eLPcchd1E root@ubuntu-bionic
[   26.103066] cloud-init[682]: The key's randomart image is:
[   26.103754] cloud-init[682]: +--[ED25519 256]--+
[   26.105191] cloud-init[682]: | o.o*+*oo.       |
[   26.105891] cloud-init[682]: |  *..B.. ..E     |
[   26.107063] cloud-init[682]: |.=o*.o.  ..      |
[   26.107712] cloud-init[682]: |=.=.+  . o.      |
[   26.108422] cloud-init[682]: |.+ o o. S..      |
[   26.109070] cloud-init[682]: |+ o o.o+.o       |
[   26.109704] cloud-init[682]: | o . o+.+        |
[   26.110451] cloud-init[682]: |    +..o         |
[   26.111156] cloud-init[682]: |   . oo          |
[   26.111819] cloud-init[682]: +----[SHA256]-----+
         Starting Dispatcher daemon for systemd-networkd...
         Starting Apply the settings specified in cloud-config...
         Starting Virtualbox guest utils...
[[0;32m  OK  [0m] Started Regular background program processing daemon.
         Starting System Logging Service...
         Starting Pollinate to seed the pseudo random number generator...
         Starting Login Service...
         Starting LXD - container startup/shutdown...
         Starting Accounts Service...
[[0;32m  OK  [0m] Started FUSE filesystem for LXC.
[[0;32m  OK  [0m] Started Login Service.
         Starting Authorization Manager...
[[0;32m  OK  [0m] Started LSB: Record successful boot for GRUB.
[[0;32m  OK  [0m] Started System Logging Service.
[[0;32m  OK  [0m] Started iSCSI initiator daemon (iscsid).
         Starting Availability of block devices...
[[0;32m  OK  [0m] Reached target Remote File Systems (Pre).
[[0;32m  OK  [0m] Reached target Remote File Systems.
         Starting Permit User Sessions...
         Starting LSB: automatic crash report generation...
[[0;32m  OK  [0m] Started Virtualbox guest utils.
[[0;32m  OK  [0m] Started Availability of block devices.
[[0;32m  OK  [0m] Started Permit User Sessions.
         Starting Terminate Plymouth Boot Screen...
         Starting Hold until boot process finishes up...
[[0;32m  OK  [0m] Started Terminate Plymouth Boot Screen.
[[0;32m  OK  [0m] Started Hold until boot process finishes up.
[[0;32m  OK  [0m] Started Serial Getty on ttyS0.
         Starting Set console scheme...
[[0;32m  OK  [0m] Started Authorization Manager.
[[0;32m  OK  [0m] Started Accounts Service.
[[0;32m  OK  [0m] Started Set console scheme.
[[0;32m  OK  [0m] Created slice system-getty.slice.
[[0;32m  OK  [0m] Started Getty on tty1.
[[0;32m  OK  [0m] Reached target Login Prompts.
[[0;32m  OK  [0m] Started LSB: automatic crash report generation.
[[0;32m  OK  [0m] Started Dispatcher daemon for systemd-networkd.
[[0;32m  OK  [0m] Started Snappy daemon.
         Starting Wait until snapd is fully seeded...
[[0;32m  OK  [0m] Started LXD - container startup/shutdown.
[   30.514682] cloud-init[878]: Cloud-init v. 18.2 running 'modules:config' at Sat, 30 Jun 2018 01:36:43 +0000. Up 26.71 seconds.
[[0;32m  OK  [0m] Started Apply the settings specified in cloud-config.
[[0;32m  OK  [0m] Started Pollinate to seed the pseudo random number generator.
         Starting OpenBSD Secure Shell server...
[[0;32m  OK  [0m] Started OpenBSD Secure Shell server.
[[0;32m  OK  [0m] Created slice User Slice of vagrant.
         Starting User Manager for UID 1000...
[[0;32m  OK  [0m] Started Session 1 of user vagrant.
[[0;32m  OK  [0m] Started User Manager for UID 1000.

Ubuntu 18.04 LTS ubuntu-bionic ttyS0

ubuntu-bionic login: ci-info: no authorized ssh keys fingerprints found for user ubuntu.
<14>Jun 30 01:36:51 ec2: 
<14>Jun 30 01:36:51 ec2: #############################################################
<14>Jun 30 01:36:51 ec2: -----BEGIN SSH HOST KEY FINGERPRINTS-----
<14>Jun 30 01:36:51 ec2: 1024 SHA256:gftyhwbijFEchHpZN+NKBROaG8Myj/VnKE+7TFVjcks root@ubuntu-bionic (DSA)
<14>Jun 30 01:36:51 ec2: 256 SHA256:uPCytZaJM6nEq4Q5BSHjDX+HVu/PMfXPTXprsCQ5ubc root@ubuntu-bionic (ECDSA)
<14>Jun 30 01:36:51 ec2: 256 SHA256:uRAwJ7GSouTm1NoXXxGMZBgBahPlLXYC7+eLPcchd1E root@ubuntu-bionic (ED25519)
<14>Jun 30 01:36:51 ec2: 2048 SHA256:X3bnAWXWFV+xR+lxc/DTDRdZmYvSlrijbcumnJTsiZg root@ubuntu-bionic (RSA)
<14>Jun 30 01:36:51 ec2: -----END SSH HOST KEY FINGERPRINTS-----
<14>Jun 30 01:36:51 ec2: #############################################################
-----BEGIN SSH HOST KEY KEYS-----
ecdsa-sha2-nistp256 AAAAE2VjZHNhLXNoYTItbmlzdHAyNTYAAAAIbmlzdHAyNTYAAABBBPgI7aET5uH6iQu8kUJNNVNqMb0viVj+QS86hSmZqqRp1H74Xr1HTng0ONyxAMG529PtGAEWu5VBrxcSVOENjds= root@ubuntu-bionic
ssh-ed25519 AAAAC3NzaC1lZDI1NTE5AAAAIGe+OJXNm5sp/gqqSLRVvGkOkrL+xAh5GRnM2L+6ZQL4 root@ubuntu-bionic
ssh-rsa AAAAB3NzaC1yc2EAAAADAQABAAABAQDQQVqLVb+U5DMouhB81S6HTpF8iNylU+7CvyGzugaJXtf7XgsZpSTbw5fl/PiUQeHlHeKjadicTeJtWvJUszwrM+oODm67nCSRRkcptU2JUeFaQdT1nmNJpPUD5lKZNkIEJefTncjRS549v8lxDJLSiCaVJUcmv1rjCUJRgdYSKGAReyeufoU+I14IM/zcKgsqnDdZdZQUxUjs8+Ax+Lk9UOAGi9SZiSeX/ooP0vnsRvjoqPr/m9slvpyg6DB2HNIOt794wnU1xUVHgI+dABrKvlH4qYyAF/fO/lnA5TVuY8JLUfauzQYOiAwMCw3b0UuC7ZqT82awQgFscoXzivkh root@ubuntu-bionic
-----END SSH HOST KEY KEYS-----
[   34.728061] cloud-init[1442]: Cloud-init v. 18.2 running 'modules:final' at Sat, 30 Jun 2018 01:36:51 +0000. Up 34.55 seconds.
[   34.728132] cloud-init[1442]: ci-info: no authorized ssh keys fingerprints found for user ubuntu.
[   34.728168] cloud-init[1442]: Cloud-init v. 18.2 finished at Sat, 30 Jun 2018 01:36:51 +0000. Datasource DataSourceNoCloud [seed=/dev/sdb][dsmode=net].  Up 34.72 seconds
